2018-07-24 14:29:09 [main] INFO  c.e.d.controller.EmployeeController - Start
2018-07-24 14:29:11 [main] INFO  c.e.d.EmployeeManagementApplication - Starting EmployeeManagementApplication on Lenovo-MP11LE5G with PID 9392 (G:\STSWorkSpace\EmployeeManagement\bin\main started by sagonugunta in G:\STSWorkSpace\EmployeeManagement)
2018-07-24 14:29:11 [main] INFO  c.e.d.EmployeeManagementApplication - No active profile set, falling back to default profiles: default
2018-07-24 14:29:12 [main] INFO  o.s.b.w.s.c.AnnotationConfigServletWebServerApplicationContext - Refreshing org.springframework.boot.web.servlet.context.AnnotationConfigServletWebServerApplicationContext@188715b5: startup date [Tue Jul 24 14:29:12 IST 2018]; root of context hierarchy
2018-07-24 14:29:25 [main] INFO  o.s.b.w.e.tomcat.TomcatWebServer - Tomcat initialized with port(s): 9010 (http)
2018-07-24 14:29:25 [main] INFO  o.a.coyote.http11.Http11NioProtocol - Initializing ProtocolHandler ["http-nio-9010"]
2018-07-24 14:29:26 [main] INFO  o.a.catalina.core.StandardService - Starting service [Tomcat]
2018-07-24 14:29:26 [main] INFO  o.a.catalina.core.StandardEngine - Starting Servlet Engine: Apache Tomcat/8.5.31
2018-07-24 14:29:26 [localhost-startStop-1] INFO  o.a.c.core.AprLifecycleListener - The APR based Apache Tomcat Native library which allows optimal performance in production environments was not found on the java.library.path: [C:\Program Files\Java\jre1.8.0_111\bin;C:\windows\Sun\Java\bin;C:\windows\system32;C:\windows;C:/Program Files/Java/jre1.8.0_111/bin/server;C:/Program Files/Java/jre1.8.0_111/bin;C:/Program Files/Java/jre1.8.0_111/lib/amd64;C:\oraclexe\app\oracle\product\11.2.0\server\bin;C:\ProgramData\Oracle\Java\javapath;C:\Program Files (x86)\Intel\iCLS Client\;C:\Program Files\Intel\iCLS Client\;C:\windows\system32;C:\windows;C:\windows\System32\Wbem;C:\windows\System32\WindowsPowerShell\v1.0\;C:\Program Files\Intel\Intel(R) Management Engine Components\DAL;C:\Program Files (x86)\Intel\Intel(R) Management Engine Components\DAL;C:\Program Files\Intel\Intel(R) Management Engine Components\IPT;C:\Program Files (x86)\Intel\Intel(R) Management Engine Components\IPT;C:\Program Files (x86)\Common Files\lenovo\easyplussdk\bin;C:\Program Files (x86)\Lenovo\Password Manager\;C:\Program Files (x86)\MySQL\MySQL Server 5.5\bin;C:\Program Files\Java\jdk1.8.0_111\bin;C:\Program Files\Git\cmd;C:\Program Files\Apache Software Foundation\apache-maven-3.5.2\bin;C:\Gradle\gradle-4.8.1\bin;C:\Program Files\MongoDB\Server\4.0\bin;C:\Program Files\Redis\;C:\Users\sagonugunta\Downloads\Softwares\spring-tool-suite-3.9.4.RELEASE-e4.7.3a-win32-x86_64\sts-bundle\sts-3.9.4.RELEASE;;.]
2018-07-24 14:29:30 [localhost-startStop-1] INFO  o.a.c.c.C.[Tomcat].[localhost].[/] - Initializing Spring embedded WebApplicationContext
2018-07-24 14:29:30 [localhost-startStop-1] INFO  o.s.web.context.ContextLoader - Root WebApplicationContext: initialization completed in 18075 ms
2018-07-24 14:29:31 [localhost-startStop-1] INFO  o.s.b.w.s.FilterRegistrationBean - Mapping filter: 'characterEncodingFilter' to: [/*]
2018-07-24 14:29:31 [localhost-startStop-1] INFO  o.s.b.w.s.FilterRegistrationBean - Mapping filter: 'hiddenHttpMethodFilter' to: [/*]
2018-07-24 14:29:31 [localhost-startStop-1] INFO  o.s.b.w.s.FilterRegistrationBean - Mapping filter: 'httpPutFormContentFilter' to: [/*]
2018-07-24 14:29:31 [localhost-startStop-1] INFO  o.s.b.w.s.FilterRegistrationBean - Mapping filter: 'requestContextFilter' to: [/*]
2018-07-24 14:29:31 [localhost-startStop-1] INFO  o.s.b.w.s.DelegatingFilterProxyRegistrationBean - Mapping filter: 'springSecurityFilterChain' to: [/*]
2018-07-24 14:29:31 [localhost-startStop-1] INFO  o.s.b.w.s.ServletRegistrationBean - Servlet dispatcherServlet mapped to [/]
2018-07-24 14:29:34 [main] INFO  org.mongodb.driver.cluster - Cluster created with settings {hosts=[localhost:27017], mode=MULTIPLE, requiredClusterType=UNKNOWN, serverSelectionTimeout='30000 ms', maxWaitQueueSize=500}
2018-07-24 14:29:34 [main] INFO  org.mongodb.driver.cluster - Adding discovered server localhost:27017 to client view of cluster
2018-07-24 14:29:44 [main] INFO  o.s.w.s.m.m.a.RequestMappingHandlerMapping - Mapped "{[/employees/getbyid/{id}],methods=[GET]}" onto public com.example.demo.pojo.Employee com.example.demo.controller.EmployeeController.getEmployeeById(java.lang.String)
2018-07-24 14:29:44 [main] INFO  o.s.w.s.m.m.a.RequestMappingHandlerMapping - Mapped "{[/employees/delete/{id}],methods=[DELETE]}" onto public org.springframework.http.ResponseEntity<?> com.example.demo.controller.EmployeeController.deleteEmployee(java.lang.String)
2018-07-24 14:29:44 [main] INFO  o.s.w.s.m.m.a.RequestMappingHandlerMapping - Mapped "{[/employees/delete],methods=[DELETE]}" onto public org.springframework.http.ResponseEntity<?> com.example.demo.controller.EmployeeController.deleteAll()
2018-07-24 14:29:44 [main] INFO  o.s.w.s.m.m.a.RequestMappingHandlerMapping - Mapped "{[/employees/all],methods=[GET]}" onto public java.util.List<com.example.demo.pojo.Employee> com.example.demo.controller.EmployeeController.getEmployee()
2018-07-24 14:29:44 [main] INFO  o.s.w.s.m.m.a.RequestMappingHandlerMapping - Mapped "{[/employees/update/{id}],methods=[PUT]}" onto public org.springframework.http.ResponseEntity<?> com.example.demo.controller.EmployeeController.updateEmployee(com.example.demo.pojo.Employee,java.lang.String)
2018-07-24 14:29:44 [main] INFO  o.s.w.s.m.m.a.RequestMappingHandlerMapping - Mapped "{[/employees/add],methods=[POST]}" onto public org.springframework.http.ResponseEntity<?> com.example.demo.controller.EmployeeController.addEmployee(com.example.demo.pojo.Employee)
2018-07-24 14:29:44 [main] INFO  o.s.w.s.m.m.a.RequestMappingHandlerMapping - Mapped "{[/employees/getbydesc/{desc}],methods=[GET]}" onto public com.example.demo.pojo.Employee com.example.demo.controller.EmployeeController.getEmployeeByDesc(java.lang.String)
2018-07-24 14:29:44 [main] INFO  o.s.w.s.m.m.a.RequestMappingHandlerMapping - Mapped "{[/employees/getbyname/{name}],methods=[GET]}" onto public com.example.demo.pojo.Employee com.example.demo.controller.EmployeeController.getEmployeeByName(java.lang.String)
2018-07-24 14:29:44 [main] INFO  o.s.w.s.m.m.a.RequestMappingHandlerMapping - Mapped "{[/users/sign-up],methods=[POST]}" onto public void com.example.demo.user.UserController.signUp(com.example.demo.user.ApplicationUser)
2018-07-24 14:29:44 [main] INFO  o.s.w.s.m.m.a.RequestMappingHandlerMapping - Mapped "{[/v2/api-docs],methods=[GET]}" onto public org.springframework.http.ResponseEntity<springfox.documentation.spring.web.json.Json> springfox.documentation.swagger2.web.Swagger2Controller.getDocumentation(java.lang.String)
2018-07-24 14:29:44 [main] INFO  o.s.w.s.m.m.a.RequestMappingHandlerMapping - Mapped "{[/configuration/security]}" onto org.springframework.http.ResponseEntity<springfox.documentation.swagger.web.SecurityConfiguration> springfox.documentation.swagger.web.ApiResourceController.securityConfiguration()
2018-07-24 14:29:44 [main] INFO  o.s.w.s.m.m.a.RequestMappingHandlerMapping - Mapped "{[/configuration/ui]}" onto org.springframework.http.ResponseEntity<springfox.documentation.swagger.web.UiConfiguration> springfox.documentation.swagger.web.ApiResourceController.uiConfiguration()
2018-07-24 14:29:44 [main] INFO  o.s.w.s.m.m.a.RequestMappingHandlerMapping - Mapped "{[/swagger-resources]}" onto org.springframework.http.ResponseEntity<java.util.List<springfox.documentation.swagger.web.SwaggerResource>> springfox.documentation.swagger.web.ApiResourceController.swaggerResources()
2018-07-24 14:29:44 [main] INFO  o.s.w.s.m.m.a.RequestMappingHandlerMapping - Mapped "{[/error]}" onto public org.springframework.http.ResponseEntity<java.util.Map<java.lang.String, java.lang.Object>> org.springframework.boot.autoconfigure.web.servlet.error.BasicErrorController.error(javax.servlet.http.HttpServletRequest)
2018-07-24 14:29:44 [main] INFO  o.s.w.s.m.m.a.RequestMappingHandlerMapping - Mapped "{[/error],produces=[text/html]}" onto public org.springframework.web.servlet.ModelAndView org.springframework.boot.autoconfigure.web.servlet.error.BasicErrorController.errorHtml(javax.servlet.http.HttpServletRequest,javax.servlet.http.HttpServletResponse)
2018-07-24 14:29:44 [cluster-ClusterId{value='5b56ea76005c7a24b0d575b5', description='null'}-localhost:27017] INFO  org.mongodb.driver.connection - Opened connection [connectionId{localValue:1, serverValue:84}] to localhost:27017
2018-07-24 14:29:44 [cluster-ClusterId{value='5b56ea76005c7a24b0d575b5', description='null'}-localhost:27017] INFO  org.mongodb.driver.cluster - Monitor thread successfully connected to server with description ServerDescription{address=localhost:27017, type=STANDALONE, state=CONNECTED, ok=true, version=ServerVersion{versionList=[4, 0, 0]}, minWireVersion=0, maxWireVersion=7, maxDocumentSize=16777216, logicalSessionTimeoutMinutes=30, roundTripTimeNanos=9346759}
2018-07-24 14:29:44 [cluster-ClusterId{value='5b56ea76005c7a24b0d575b5', description='null'}-localhost:27017] INFO  org.mongodb.driver.cluster - Discovered cluster type of STANDALONE
2018-07-24 14:29:46 [main] INFO  o.s.w.s.h.SimpleUrlHandlerMapping - Mapped URL path [/**/favicon.ico] onto handler of type [class org.springframework.web.servlet.resource.ResourceHttpRequestHandler]
2018-07-24 14:29:49 [main] INFO  o.s.w.s.m.m.a.RequestMappingHandlerAdapter - Looking for @ControllerAdvice: org.springframework.boot.web.servlet.context.AnnotationConfigServletWebServerApplicationContext@188715b5: startup date [Tue Jul 24 14:29:12 IST 2018]; root of context hierarchy
2018-07-24 14:29:50 [main] INFO  o.s.w.s.h.SimpleUrlHandlerMapping - Mapped URL path [/webjars/**] onto handler of type [class org.springframework.web.servlet.resource.ResourceHttpRequestHandler]
2018-07-24 14:29:50 [main] INFO  o.s.w.s.h.SimpleUrlHandlerMapping - Mapped URL path [/**] onto handler of type [class org.springframework.web.servlet.resource.ResourceHttpRequestHandler]
2018-07-24 14:29:50 [main] INFO  o.s.w.s.m.m.a.ExceptionHandlerExceptionResolver - Detected @ExceptionHandler methods in exceptionsHandling
2018-07-24 14:29:52 [main] INFO  o.s.b.a.s.s.UserDetailsServiceAutoConfiguration - 

Using generated security password: f651bee9-9ea3-42c2-a85c-85631722060a

2018-07-24 14:29:53 [main] INFO  o.s.s.web.DefaultSecurityFilterChain - Creating filter chain: org.springframework.security.web.util.matcher.AnyRequestMatcher@1, [org.springframework.security.web.context.request.async.WebAsyncManagerIntegrationFilter@6f9e08d4, org.springframework.security.web.context.SecurityContextPersistenceFilter@4538856f, org.springframework.security.web.header.HeaderWriterFilter@67332b1e, org.springframework.security.web.csrf.CsrfFilter@3aed69dd, org.springframework.security.web.authentication.logout.LogoutFilter@7f13811b, org.springframework.security.web.authentication.UsernamePasswordAuthenticationFilter@5d878b25, org.springframework.security.web.authentication.ui.DefaultLoginPageGeneratingFilter@2f677247, org.springframework.security.web.authentication.www.BasicAuthenticationFilter@2da81754, org.springframework.security.web.savedrequest.RequestCacheAwareFilter@74b86971, org.springframework.security.web.servletapi.SecurityContextHolderAwareRequestFilter@3bfae028, org.springframework.security.web.authentication.AnonymousAuthenticationFilter@390037e7, org.springframework.security.web.session.SessionManagementFilter@679dd234, org.springframework.security.web.access.ExceptionTranslationFilter@789c3057, org.springframework.security.web.access.intercept.FilterSecurityInterceptor@3a7b2e2]
2018-07-24 14:29:53 [main] INFO  o.s.j.e.a.AnnotationMBeanExporter - Registering beans for JMX exposure on startup
2018-07-24 14:29:53 [main] INFO  s.d.s.w.p.DocumentationPluginsBootstrapper - Context refreshed
2018-07-24 14:29:54 [main] INFO  s.d.s.w.p.DocumentationPluginsBootstrapper - Found {0} custom documentation plugin(s)
2018-07-24 14:29:54 [main] INFO  s.d.s.w.s.ApiListingReferenceScanner - Scanning for api listing references
2018-07-24 14:29:55 [main] INFO  s.d.s.w.ClassOrApiAnnotationResourceGrouping - Group for method getEmployeeById was employee-controller
2018-07-24 14:29:55 [main] INFO  s.d.s.w.s.ApiListingReferenceScanner - Request mapping: getEmployeeById belongs to groups: [[ResourceGroup{groupName='employee-controller', position=0, controller=com.example.demo.controller.EmployeeController}]] 
2018-07-24 14:29:55 [main] INFO  s.d.s.w.ClassOrApiAnnotationResourceGrouping - Group for method deleteEmployee was employee-controller
2018-07-24 14:29:55 [main] INFO  s.d.s.w.s.ApiListingReferenceScanner - Request mapping: deleteEmployee belongs to groups: [[ResourceGroup{groupName='employee-controller', position=0, controller=com.example.demo.controller.EmployeeController}]] 
2018-07-24 14:29:55 [main] INFO  s.d.s.w.ClassOrApiAnnotationResourceGrouping - Group for method deleteAll was employee-controller
2018-07-24 14:29:55 [main] INFO  s.d.s.w.s.ApiListingReferenceScanner - Request mapping: deleteAll belongs to groups: [[ResourceGroup{groupName='employee-controller', position=0, controller=com.example.demo.controller.EmployeeController}]] 
2018-07-24 14:29:55 [main] INFO  s.d.s.w.ClassOrApiAnnotationResourceGrouping - Group for method getEmployee was employee-controller
2018-07-24 14:29:55 [main] INFO  s.d.s.w.s.ApiListingReferenceScanner - Request mapping: getEmployee belongs to groups: [[ResourceGroup{groupName='employee-controller', position=0, controller=com.example.demo.controller.EmployeeController}]] 
2018-07-24 14:29:55 [main] INFO  s.d.s.w.ClassOrApiAnnotationResourceGrouping - Group for method updateEmployee was employee-controller
2018-07-24 14:29:55 [main] INFO  s.d.s.w.s.ApiListingReferenceScanner - Request mapping: updateEmployee belongs to groups: [[ResourceGroup{groupName='employee-controller', position=0, controller=com.example.demo.controller.EmployeeController}]] 
2018-07-24 14:29:55 [main] INFO  s.d.s.w.ClassOrApiAnnotationResourceGrouping - Group for method addEmployee was employee-controller
2018-07-24 14:29:55 [main] INFO  s.d.s.w.s.ApiListingReferenceScanner - Request mapping: addEmployee belongs to groups: [[ResourceGroup{groupName='employee-controller', position=0, controller=com.example.demo.controller.EmployeeController}]] 
2018-07-24 14:29:55 [main] INFO  s.d.s.w.ClassOrApiAnnotationResourceGrouping - Group for method getEmployeeByDesc was employee-controller
2018-07-24 14:29:55 [main] INFO  s.d.s.w.s.ApiListingReferenceScanner - Request mapping: getEmployeeByDesc belongs to groups: [[ResourceGroup{groupName='employee-controller', position=0, controller=com.example.demo.controller.EmployeeController}]] 
2018-07-24 14:29:55 [main] INFO  s.d.s.w.ClassOrApiAnnotationResourceGrouping - Group for method getEmployeeByName was employee-controller
2018-07-24 14:29:55 [main] INFO  s.d.s.w.s.ApiListingReferenceScanner - Request mapping: getEmployeeByName belongs to groups: [[ResourceGroup{groupName='employee-controller', position=0, controller=com.example.demo.controller.EmployeeController}]] 
2018-07-24 14:29:55 [main] INFO  s.d.s.w.s.ApiListingReferenceScanner - Created resource listing Path: /default/employee-controller Description: employee-controller Position: 0
2018-07-24 14:29:55 [main] INFO  s.d.s.w.ClassOrApiAnnotationResourceGrouping - Group for method getEmployeeById was employee-controller
2018-07-24 14:29:55 [main] INFO  s.d.s.w.ClassOrApiAnnotationResourceGrouping - Group for method deleteEmployee was employee-controller
2018-07-24 14:29:55 [main] INFO  s.d.s.w.ClassOrApiAnnotationResourceGrouping - Group for method deleteAll was employee-controller
2018-07-24 14:29:55 [main] INFO  s.d.s.w.ClassOrApiAnnotationResourceGrouping - Group for method getEmployee was employee-controller
2018-07-24 14:29:55 [main] INFO  s.d.s.w.ClassOrApiAnnotationResourceGrouping - Group for method updateEmployee was employee-controller
2018-07-24 14:29:56 [main] INFO  s.d.s.w.ClassOrApiAnnotationResourceGrouping - Group for method addEmployee was employee-controller
2018-07-24 14:29:56 [main] INFO  s.d.s.w.ClassOrApiAnnotationResourceGrouping - Group for method getEmployeeByDesc was employee-controller
2018-07-24 14:29:56 [main] INFO  s.d.s.w.ClassOrApiAnnotationResourceGrouping - Group for method getEmployeeByName was employee-controller
2018-07-24 14:29:57 [main] INFO  o.a.coyote.http11.Http11NioProtocol - Starting ProtocolHandler ["http-nio-9010"]
2018-07-24 14:29:58 [main] INFO  o.a.tomcat.util.net.NioSelectorPool - Using a shared selector for servlet write/read
2018-07-24 14:29:58 [main] INFO  o.s.b.w.e.tomcat.TomcatWebServer - Tomcat started on port(s): 9010 (http) with context path ''
2018-07-24 14:29:58 [main] INFO  c.e.d.EmployeeManagementApplication - Started EmployeeManagementApplication in 48.276 seconds (JVM running for 56.649)
2018-07-24 14:30:08 [http-nio-9010-exec-1] INFO  o.a.c.c.C.[Tomcat].[localhost].[/] - Initializing Spring FrameworkServlet 'dispatcherServlet'
2018-07-24 14:30:08 [http-nio-9010-exec-1] INFO  o.s.web.servlet.DispatcherServlet - FrameworkServlet 'dispatcherServlet': initialization started
2018-07-24 14:30:08 [http-nio-9010-exec-1] INFO  o.s.web.servlet.DispatcherServlet - FrameworkServlet 'dispatcherServlet': initialization completed in 73 ms
2018-07-24 15:02:07 [main] INFO  c.e.d.controller.EmployeeController - Start
2018-07-24 15:02:09 [main] INFO  c.e.d.EmployeeManagementApplication - Starting EmployeeManagementApplication on Lenovo-MP11LE5G with PID 11444 (G:\STSWorkSpace\EmployeeManagement\bin\main started by sagonugunta in G:\STSWorkSpace\EmployeeManagement)
2018-07-24 15:02:09 [main] INFO  c.e.d.EmployeeManagementApplication - No active profile set, falling back to default profiles: default
2018-07-24 15:02:09 [main] INFO  o.s.b.w.s.c.AnnotationConfigServletWebServerApplicationContext - Refreshing org.springframework.boot.web.servlet.context.AnnotationConfigServletWebServerApplicationContext@5119fb47: startup date [Tue Jul 24 15:02:09 IST 2018]; root of context hierarchy
2018-07-24 15:02:18 [main] INFO  o.s.b.w.e.tomcat.TomcatWebServer - Tomcat initialized with port(s): 9010 (http)
2018-07-24 15:02:18 [main] INFO  o.a.coyote.http11.Http11NioProtocol - Initializing ProtocolHandler ["http-nio-9010"]
2018-07-24 15:02:18 [main] INFO  o.a.catalina.core.StandardService - Starting service [Tomcat]
2018-07-24 15:02:18 [main] INFO  o.a.catalina.core.StandardEngine - Starting Servlet Engine: Apache Tomcat/8.5.31
2018-07-24 15:02:18 [localhost-startStop-1] INFO  o.a.c.core.AprLifecycleListener - The APR based Apache Tomcat Native library which allows optimal performance in production environments was not found on the java.library.path: [C:\Program Files\Java\jre1.8.0_111\bin;C:\windows\Sun\Java\bin;C:\windows\system32;C:\windows;C:/Program Files/Java/jre1.8.0_111/bin/server;C:/Program Files/Java/jre1.8.0_111/bin;C:/Program Files/Java/jre1.8.0_111/lib/amd64;C:\oraclexe\app\oracle\product\11.2.0\server\bin;C:\ProgramData\Oracle\Java\javapath;C:\Program Files (x86)\Intel\iCLS Client\;C:\Program Files\Intel\iCLS Client\;C:\windows\system32;C:\windows;C:\windows\System32\Wbem;C:\windows\System32\WindowsPowerShell\v1.0\;C:\Program Files\Intel\Intel(R) Management Engine Components\DAL;C:\Program Files (x86)\Intel\Intel(R) Management Engine Components\DAL;C:\Program Files\Intel\Intel(R) Management Engine Components\IPT;C:\Program Files (x86)\Intel\Intel(R) Management Engine Components\IPT;C:\Program Files (x86)\Common Files\lenovo\easyplussdk\bin;C:\Program Files (x86)\Lenovo\Password Manager\;C:\Program Files (x86)\MySQL\MySQL Server 5.5\bin;C:\Program Files\Java\jdk1.8.0_111\bin;C:\Program Files\Git\cmd;C:\Program Files\Apache Software Foundation\apache-maven-3.5.2\bin;C:\Gradle\gradle-4.8.1\bin;C:\Program Files\MongoDB\Server\4.0\bin;C:\Program Files\Redis\;C:\Users\sagonugunta\Downloads\Softwares\spring-tool-suite-3.9.4.RELEASE-e4.7.3a-win32-x86_64\sts-bundle\sts-3.9.4.RELEASE;;.]
2018-07-24 15:02:19 [localhost-startStop-1] INFO  o.a.c.c.C.[Tomcat].[localhost].[/] - Initializing Spring embedded WebApplicationContext
2018-07-24 15:02:19 [localhost-startStop-1] INFO  o.s.web.context.ContextLoader - Root WebApplicationContext: initialization completed in 9510 ms
2018-07-24 15:02:19 [localhost-startStop-1] INFO  o.s.b.w.s.FilterRegistrationBean - Mapping filter: 'characterEncodingFilter' to: [/*]
2018-07-24 15:02:19 [localhost-startStop-1] INFO  o.s.b.w.s.FilterRegistrationBean - Mapping filter: 'hiddenHttpMethodFilter' to: [/*]
2018-07-24 15:02:19 [localhost-startStop-1] INFO  o.s.b.w.s.FilterRegistrationBean - Mapping filter: 'httpPutFormContentFilter' to: [/*]
2018-07-24 15:02:19 [localhost-startStop-1] INFO  o.s.b.w.s.FilterRegistrationBean - Mapping filter: 'requestContextFilter' to: [/*]
2018-07-24 15:02:19 [localhost-startStop-1] INFO  o.s.b.w.s.DelegatingFilterProxyRegistrationBean - Mapping filter: 'springSecurityFilterChain' to: [/*]
2018-07-24 15:02:19 [localhost-startStop-1] INFO  o.s.b.w.s.ServletRegistrationBean - Servlet dispatcherServlet mapped to [/]
2018-07-24 15:02:21 [main] INFO  org.mongodb.driver.cluster - Cluster created with settings {hosts=[localhost:27017], mode=MULTIPLE, requiredClusterType=UNKNOWN, serverSelectionTimeout='30000 ms', maxWaitQueueSize=500}
2018-07-24 15:02:21 [main] INFO  org.mongodb.driver.cluster - Adding discovered server localhost:27017 to client view of cluster
2018-07-24 15:02:21 [cluster-ClusterId{value='5b56f225005c7a2cb4affead', description='null'}-localhost:27017] INFO  org.mongodb.driver.connection - Opened connection [connectionId{localValue:1, serverValue:85}] to localhost:27017
2018-07-24 15:02:21 [cluster-ClusterId{value='5b56f225005c7a2cb4affead', description='null'}-localhost:27017] INFO  org.mongodb.driver.cluster - Monitor thread successfully connected to server with description ServerDescription{address=localhost:27017, type=STANDALONE, state=CONNECTED, ok=true, version=ServerVersion{versionList=[4, 0, 0]}, minWireVersion=0, maxWireVersion=7, maxDocumentSize=16777216, logicalSessionTimeoutMinutes=30, roundTripTimeNanos=17638805}
2018-07-24 15:02:21 [cluster-ClusterId{value='5b56f225005c7a2cb4affead', description='null'}-localhost:27017] INFO  org.mongodb.driver.cluster - Discovered cluster type of STANDALONE
2018-07-24 15:02:25 [main] INFO  o.s.w.s.m.m.a.RequestMappingHandlerMapping - Mapped "{[/employees/add],methods=[POST]}" onto public org.springframework.http.ResponseEntity<?> com.example.demo.controller.EmployeeController.addEmployee(com.example.demo.pojo.Employee)
2018-07-24 15:02:25 [main] INFO  o.s.w.s.m.m.a.RequestMappingHandlerMapping - Mapped "{[/employees/update/{id}],methods=[PUT]}" onto public org.springframework.http.ResponseEntity<?> com.example.demo.controller.EmployeeController.updateEmployee(com.example.demo.pojo.Employee,java.lang.String)
2018-07-24 15:02:25 [main] INFO  o.s.w.s.m.m.a.RequestMappingHandlerMapping - Mapped "{[/employees/getbyid/{id}],methods=[GET]}" onto public com.example.demo.pojo.Employee com.example.demo.controller.EmployeeController.getEmployeeById(java.lang.String)
2018-07-24 15:02:25 [main] INFO  o.s.w.s.m.m.a.RequestMappingHandlerMapping - Mapped "{[/employees/all],methods=[GET]}" onto public java.util.List<com.example.demo.pojo.Employee> com.example.demo.controller.EmployeeController.getEmployee()
2018-07-24 15:02:25 [main] INFO  o.s.w.s.m.m.a.RequestMappingHandlerMapping - Mapped "{[/employees/getbyname/{name}],methods=[GET]}" onto public com.example.demo.pojo.Employee com.example.demo.controller.EmployeeController.getEmployeeByName(java.lang.String)
2018-07-24 15:02:25 [main] INFO  o.s.w.s.m.m.a.RequestMappingHandlerMapping - Mapped "{[/employees/getbydesc/{desc}],methods=[GET]}" onto public com.example.demo.pojo.Employee com.example.demo.controller.EmployeeController.getEmployeeByDesc(java.lang.String)
2018-07-24 15:02:25 [main] INFO  o.s.w.s.m.m.a.RequestMappingHandlerMapping - Mapped "{[/employees/delete],methods=[DELETE]}" onto public org.springframework.http.ResponseEntity<?> com.example.demo.controller.EmployeeController.deleteAll()
2018-07-24 15:02:25 [main] INFO  o.s.w.s.m.m.a.RequestMappingHandlerMapping - Mapped "{[/employees/delete/{id}],methods=[DELETE]}" onto public org.springframework.http.ResponseEntity<?> com.example.demo.controller.EmployeeController.deleteEmployee(java.lang.String)
2018-07-24 15:02:25 [main] INFO  o.s.w.s.m.m.a.RequestMappingHandlerMapping - Mapped "{[/users/sign-up],methods=[POST]}" onto public void com.example.demo.user.UserController.signUp(com.example.demo.user.ApplicationUser)
2018-07-24 15:02:25 [main] INFO  o.s.w.s.m.m.a.RequestMappingHandlerMapping - Mapped "{[/v2/api-docs],methods=[GET]}" onto public org.springframework.http.ResponseEntity<springfox.documentation.spring.web.json.Json> springfox.documentation.swagger2.web.Swagger2Controller.getDocumentation(java.lang.String)
2018-07-24 15:02:25 [main] INFO  o.s.w.s.m.m.a.RequestMappingHandlerMapping - Mapped "{[/configuration/ui]}" onto org.springframework.http.ResponseEntity<springfox.documentation.swagger.web.UiConfiguration> springfox.documentation.swagger.web.ApiResourceController.uiConfiguration()
2018-07-24 15:02:25 [main] INFO  o.s.w.s.m.m.a.RequestMappingHandlerMapping - Mapped "{[/swagger-resources]}" onto org.springframework.http.ResponseEntity<java.util.List<springfox.documentation.swagger.web.SwaggerResource>> springfox.documentation.swagger.web.ApiResourceController.swaggerResources()
2018-07-24 15:02:25 [main] INFO  o.s.w.s.m.m.a.RequestMappingHandlerMapping - Mapped "{[/configuration/security]}" onto org.springframework.http.ResponseEntity<springfox.documentation.swagger.web.SecurityConfiguration> springfox.documentation.swagger.web.ApiResourceController.securityConfiguration()
2018-07-24 15:02:25 [main] INFO  o.s.w.s.m.m.a.RequestMappingHandlerMapping - Mapped "{[/error]}" onto public org.springframework.http.ResponseEntity<java.util.Map<java.lang.String, java.lang.Object>> org.springframework.boot.autoconfigure.web.servlet.error.BasicErrorController.error(javax.servlet.http.HttpServletRequest)
2018-07-24 15:02:25 [main] INFO  o.s.w.s.m.m.a.RequestMappingHandlerMapping - Mapped "{[/error],produces=[text/html]}" onto public org.springframework.web.servlet.ModelAndView org.springframework.boot.autoconfigure.web.servlet.error.BasicErrorController.errorHtml(javax.servlet.http.HttpServletRequest,javax.servlet.http.HttpServletResponse)
2018-07-24 15:02:26 [main] INFO  o.s.s.web.DefaultSecurityFilterChain - Creating filter chain: org.springframework.security.web.util.matcher.AnyRequestMatcher@1, [org.springframework.security.web.context.request.async.WebAsyncManagerIntegrationFilter@51a651c1, org.springframework.security.web.context.SecurityContextPersistenceFilter@4087c7fc, org.springframework.security.web.header.HeaderWriterFilter@3850e90c, org.springframework.security.web.authentication.logout.LogoutFilter@5b5b59, com.example.demo.security.JWTAuthenticationFilter@173f1614, com.example.demo.security.JWTAuthorizationFilter@6c184d4d, org.springframework.security.web.savedrequest.RequestCacheAwareFilter@4cfa83f9, org.springframework.security.web.servletapi.SecurityContextHolderAwareRequestFilter@4373f66f, org.springframework.security.web.authentication.AnonymousAuthenticationFilter@7645f03e, org.springframework.security.web.session.SessionManagementFilter@7e91ed74, org.springframework.security.web.access.ExceptionTranslationFilter@78d9f51b, org.springframework.security.web.access.intercept.FilterSecurityInterceptor@7b1e5e55]
2018-07-24 15:02:26 [main] INFO  o.s.w.s.h.SimpleUrlHandlerMapping - Mapped URL path [/**/favicon.ico] onto handler of type [class org.springframework.web.servlet.resource.ResourceHttpRequestHandler]
2018-07-24 15:02:27 [main] INFO  o.s.w.s.m.m.a.RequestMappingHandlerAdapter - Looking for @ControllerAdvice: org.springframework.boot.web.servlet.context.AnnotationConfigServletWebServerApplicationContext@5119fb47: startup date [Tue Jul 24 15:02:09 IST 2018]; root of context hierarchy
2018-07-24 15:02:27 [main] INFO  o.s.w.s.h.SimpleUrlHandlerMapping - Mapped URL path [/webjars/**] onto handler of type [class org.springframework.web.servlet.resource.ResourceHttpRequestHandler]
2018-07-24 15:02:27 [main] INFO  o.s.w.s.h.SimpleUrlHandlerMapping - Mapped URL path [/**] onto handler of type [class org.springframework.web.servlet.resource.ResourceHttpRequestHandler]
2018-07-24 15:02:27 [main] INFO  o.s.w.s.m.m.a.ExceptionHandlerExceptionResolver - Detected @ExceptionHandler methods in exceptionsHandling
2018-07-24 15:02:28 [main] INFO  o.s.j.e.a.AnnotationMBeanExporter - Registering beans for JMX exposure on startup
2018-07-24 15:02:29 [main] INFO  s.d.s.w.p.DocumentationPluginsBootstrapper - Context refreshed
2018-07-24 15:02:29 [main] INFO  s.d.s.w.p.DocumentationPluginsBootstrapper - Found {0} custom documentation plugin(s)
2018-07-24 15:02:29 [main] INFO  s.d.s.w.s.ApiListingReferenceScanner - Scanning for api listing references
2018-07-24 15:02:29 [main] INFO  s.d.s.w.ClassOrApiAnnotationResourceGrouping - Group for method addEmployee was employee-controller
2018-07-24 15:02:29 [main] INFO  s.d.s.w.s.ApiListingReferenceScanner - Request mapping: addEmployee belongs to groups: [[ResourceGroup{groupName='employee-controller', position=0, controller=com.example.demo.controller.EmployeeController}]] 
2018-07-24 15:02:29 [main] INFO  s.d.s.w.ClassOrApiAnnotationResourceGrouping - Group for method updateEmployee was employee-controller
2018-07-24 15:02:29 [main] INFO  s.d.s.w.s.ApiListingReferenceScanner - Request mapping: updateEmployee belongs to groups: [[ResourceGroup{groupName='employee-controller', position=0, controller=com.example.demo.controller.EmployeeController}]] 
2018-07-24 15:02:29 [main] INFO  s.d.s.w.ClassOrApiAnnotationResourceGrouping - Group for method getEmployeeById was employee-controller
2018-07-24 15:02:29 [main] INFO  s.d.s.w.s.ApiListingReferenceScanner - Request mapping: getEmployeeById belongs to groups: [[ResourceGroup{groupName='employee-controller', position=0, controller=com.example.demo.controller.EmployeeController}]] 
2018-07-24 15:02:29 [main] INFO  s.d.s.w.ClassOrApiAnnotationResourceGrouping - Group for method getEmployee was employee-controller
2018-07-24 15:02:29 [main] INFO  s.d.s.w.s.ApiListingReferenceScanner - Request mapping: getEmployee belongs to groups: [[ResourceGroup{groupName='employee-controller', position=0, controller=com.example.demo.controller.EmployeeController}]] 
2018-07-24 15:02:29 [main] INFO  s.d.s.w.ClassOrApiAnnotationResourceGrouping - Group for method getEmployeeByName was employee-controller
2018-07-24 15:02:29 [main] INFO  s.d.s.w.s.ApiListingReferenceScanner - Request mapping: getEmployeeByName belongs to groups: [[ResourceGroup{groupName='employee-controller', position=0, controller=com.example.demo.controller.EmployeeController}]] 
2018-07-24 15:02:29 [main] INFO  s.d.s.w.ClassOrApiAnnotationResourceGrouping - Group for method getEmployeeByDesc was employee-controller
2018-07-24 15:02:29 [main] INFO  s.d.s.w.s.ApiListingReferenceScanner - Request mapping: getEmployeeByDesc belongs to groups: [[ResourceGroup{groupName='employee-controller', position=0, controller=com.example.demo.controller.EmployeeController}]] 
2018-07-24 15:02:29 [main] INFO  s.d.s.w.ClassOrApiAnnotationResourceGrouping - Group for method deleteAll was employee-controller
2018-07-24 15:02:29 [main] INFO  s.d.s.w.s.ApiListingReferenceScanner - Request mapping: deleteAll belongs to groups: [[ResourceGroup{groupName='employee-controller', position=0, controller=com.example.demo.controller.EmployeeController}]] 
2018-07-24 15:02:29 [main] INFO  s.d.s.w.ClassOrApiAnnotationResourceGrouping - Group for method deleteEmployee was employee-controller
2018-07-24 15:02:29 [main] INFO  s.d.s.w.s.ApiListingReferenceScanner - Request mapping: deleteEmployee belongs to groups: [[ResourceGroup{groupName='employee-controller', position=0, controller=com.example.demo.controller.EmployeeController}]] 
2018-07-24 15:02:29 [main] INFO  s.d.s.w.s.ApiListingReferenceScanner - Created resource listing Path: /default/employee-controller Description: employee-controller Position: 0
2018-07-24 15:02:29 [main] INFO  s.d.s.w.ClassOrApiAnnotationResourceGrouping - Group for method addEmployee was employee-controller
2018-07-24 15:02:29 [main] INFO  s.d.s.w.ClassOrApiAnnotationResourceGrouping - Group for method updateEmployee was employee-controller
2018-07-24 15:02:29 [main] INFO  s.d.s.w.ClassOrApiAnnotationResourceGrouping - Group for method getEmployeeById was employee-controller
2018-07-24 15:02:30 [main] INFO  s.d.s.w.ClassOrApiAnnotationResourceGrouping - Group for method getEmployee was employee-controller
2018-07-24 15:02:30 [main] INFO  s.d.s.w.ClassOrApiAnnotationResourceGrouping - Group for method getEmployeeByName was employee-controller
2018-07-24 15:02:30 [main] INFO  s.d.s.w.ClassOrApiAnnotationResourceGrouping - Group for method getEmployeeByDesc was employee-controller
2018-07-24 15:02:30 [main] INFO  s.d.s.w.ClassOrApiAnnotationResourceGrouping - Group for method deleteAll was employee-controller
2018-07-24 15:02:30 [main] INFO  s.d.s.w.ClassOrApiAnnotationResourceGrouping - Group for method deleteEmployee was employee-controller
2018-07-24 15:02:30 [main] INFO  o.a.coyote.http11.Http11NioProtocol - Starting ProtocolHandler ["http-nio-9010"]
2018-07-24 15:02:30 [main] INFO  o.a.tomcat.util.net.NioSelectorPool - Using a shared selector for servlet write/read
2018-07-24 15:02:30 [main] INFO  o.s.b.w.e.tomcat.TomcatWebServer - Tomcat started on port(s): 9010 (http) with context path ''
2018-07-24 15:02:30 [main] INFO  c.e.d.EmployeeManagementApplication - Started EmployeeManagementApplication in 22.46 seconds (JVM running for 24.46)
2018-07-24 15:03:00 [http-nio-9010-exec-9] INFO  o.a.c.c.C.[Tomcat].[localhost].[/] - Initializing Spring FrameworkServlet 'dispatcherServlet'
2018-07-24 15:03:00 [http-nio-9010-exec-9] INFO  o.s.web.servlet.DispatcherServlet - FrameworkServlet 'dispatcherServlet': initialization started
2018-07-24 15:03:00 [http-nio-9010-exec-9] INFO  o.s.web.servlet.DispatcherServlet - FrameworkServlet 'dispatcherServlet': initialization completed in 69 ms
